<?xml version="1.0" encoding="UTF-8"?>
<!-- Generated by org.testng.reporters.JUnitReportReporter -->
<testsuite hostname="DESKTOP-A7I7MI2" failures="0" tests="1" name="PostRestApi" time="2.462" errors="0" timestamp="2023-01-31T16:54:03 IST" skipped="0">
  <testcase classname="PostRestApi" name="PostApi" time="2.462"/>
  <system-out/>
</testsuite> <!-- PostRestApi -->
