<?xml version="1.0" encoding="UTF-8"?>
<!-- Generated by org.testng.reporters.JUnitReportReporter -->
<testsuite hostname="DESKTOP-A7I7MI2" failures="0" tests="1" name="RestApi" time="1.876" errors="0" timestamp="2023-01-31T16:52:47 IST" skipped="0">
  <testcase classname="RestApi" name="TestApi" time="1.876"/>
  <system-out/>
</testsuite> <!-- RestApi -->
